{"uid":"3466e80c81e697cf","name":"verifyAddingProductWithInvalidData","fullName":"tests.products.CreateProductTest.verifyAddingProductWithInvalidData","historyId":"cbe8c25bb2416ac7a230eda3e11756f5","time":{"start":1755594877139,"stop":1755594878201,"duration":1062},"description":"Verify a merchant cannot add a new product when {desc}","descriptionHtml":"<p>Verify a merchant cannot add a new product when {desc}</p>\n","status":"failed","statusMessage":"1 expectation failed.\nExpected status code <400> but was <201>.\n","statusTrace":"java.lang.AssertionError: 1 expectation failed.\nExpected status code <400> but was <201>.\n\n\tat java.base/jdk.internal.reflect.NativeConstructorAccessorImpl.newInstance0(Native Method)\n\tat java.base/jdk.internal.reflect.NativeConstructorAccessorImpl.newInstance(Unknown Source)\n\tat java.base/jdk.internal.reflect.DelegatingConstructorAccessorImpl.newInstance(Unknown Source)\n\tat java.base/java.lang.reflect.Constructor.newInstanceWithCaller(Unknown Source)\n\tat java.base/java.lang.reflect.Constructor.newInstance(Unknown Source)\n\tat org.codehaus.groovy.reflection.CachedConstructor.invoke(CachedConstructor.java:73)\n\tat org.codehaus.groovy.runtime.callsite.ConstructorSite$ConstructorSiteNoUnwrapNoCoerce.callConstructor(ConstructorSite.java:108)\n\tat org.codehaus.groovy.runtime.callsite.AbstractCallSite.callConstructor(AbstractCallSite.java:277)\n\tat io.restassured.internal.ResponseSpecificationImpl$HamcrestAssertionClosure.validate(ResponseSpecificationImpl.groovy:512)\n\tat io.restassured.internal.ResponseSpecificationImpl$HamcrestAssertionClosure$validate$2.call(Unknown Source)\n\tat io.restassured.internal.ResponseSpecificationImpl.validate(ResponseSpecificationImpl.groovy:101)\n\tat io.restassured.internal.ValidatableResponseOptionsImpl.spec(ValidatableResponseOptionsImpl.java:288)\n\tat com.apis.ProductsApi.create(ProductsApi.java:50)\n\tat tests.products.CreateProductTest.verifyAddingProductWithInvalidData(CreateProductTest.java:33)\n\tat java.base/jdk.internal.reflect.NativeMethodAccessorImpl.invoke0(Native Method)\n\tat java.base/jdk.internal.reflect.NativeMethodAccessorImpl.invoke(Unknown Source)\n\tat java.base/jdk.internal.reflect.DelegatingMethodAccessorImpl.invoke(Unknown Source)\n\tat java.base/java.lang.reflect.Method.invoke(Unknown Source)\n\tat org.testng.internal.invokers.MethodInvocationHelper.invokeMethod(MethodInvocationHelper.java:141)\n\tat org.testng.internal.invokers.TestInvoker.invokeMethod(TestInvoker.java:686)\n\tat org.testng.internal.invokers.TestInvoker.invokeTestMethod(TestInvoker.java:230)\n\tat org.testng.internal.invokers.MethodRunner.runInSequence(MethodRunner.java:63)\n\tat org.testng.internal.invokers.TestInvoker$MethodInvocationAgent.invoke(TestInvoker.java:992)\n\tat org.testng.internal.invokers.TestInvoker.invokeTestMethods(TestInvoker.java:203)\n\tat org.testng.internal.invokers.TestMethodWorker.invokeTestMethods(TestMethodWorker.java:154)\n\tat org.testng.internal.invokers.TestMethodWorker.run(TestMethodWorker.java:134)\n\tat java.base/java.util.concurrent.Executors$RunnableAdapter.call(Unknown Source)\n\tat java.base/java.util.concurrent.FutureTask.run(Unknown Source)\n\tat org.testng.internal.thread.graph.TestNGFutureTask.run(TestNGFutureTask.java:22)\n\tat java.base/java.util.concurrent.ThreadPoolExecutor.runWorker(Unknown Source)\n\tat java.base/java.util.concurrent.ThreadPoolExecutor$Worker.run(Unknown Source)\n\tat java.base/java.lang.Thread.run(Unknown Source)\n","flaky":false,"newFailed":false,"newBroken":false,"newPassed":false,"retriesCount":0,"retriesStatusChange":false,"beforeStages":[],"testStage":{"description":"Verify a merchant cannot add a new product when {desc}","status":"failed","statusMessage":"1 expectation failed.\nExpected status code <400> but was <201>.\n","statusTrace":"java.lang.AssertionError: 1 expectation failed.\nExpected status code <400> but was <201>.\n\n\tat java.base/jdk.internal.reflect.NativeConstructorAccessorImpl.newInstance0(Native Method)\n\tat java.base/jdk.internal.reflect.NativeConstructorAccessorImpl.newInstance(Unknown Source)\n\tat java.base/jdk.internal.reflect.DelegatingConstructorAccessorImpl.newInstance(Unknown Source)\n\tat java.base/java.lang.reflect.Constructor.newInstanceWithCaller(Unknown Source)\n\tat java.base/java.lang.reflect.Constructor.newInstance(Unknown Source)\n\tat org.codehaus.groovy.reflection.CachedConstructor.invoke(CachedConstructor.java:73)\n\tat org.codehaus.groovy.runtime.callsite.ConstructorSite$ConstructorSiteNoUnwrapNoCoerce.callConstructor(ConstructorSite.java:108)\n\tat org.codehaus.groovy.runtime.callsite.AbstractCallSite.callConstructor(AbstractCallSite.java:277)\n\tat io.restassured.internal.ResponseSpecificationImpl$HamcrestAssertionClosure.validate(ResponseSpecificationImpl.groovy:512)\n\tat io.restassured.internal.ResponseSpecificationImpl$HamcrestAssertionClosure$validate$2.call(Unknown Source)\n\tat io.restassured.internal.ResponseSpecificationImpl.validate(ResponseSpecificationImpl.groovy:101)\n\tat io.restassured.internal.ValidatableResponseOptionsImpl.spec(ValidatableResponseOptionsImpl.java:288)\n\tat com.apis.ProductsApi.create(ProductsApi.java:50)\n\tat tests.products.CreateProductTest.verifyAddingProductWithInvalidData(CreateProductTest.java:33)\n\tat java.base/jdk.internal.reflect.NativeMethodAccessorImpl.invoke0(Native Method)\n\tat java.base/jdk.internal.reflect.NativeMethodAccessorImpl.invoke(Unknown Source)\n\tat java.base/jdk.internal.reflect.DelegatingMethodAccessorImpl.invoke(Unknown Source)\n\tat java.base/java.lang.reflect.Method.invoke(Unknown Source)\n\tat org.testng.internal.invokers.MethodInvocationHelper.invokeMethod(MethodInvocationHelper.java:141)\n\tat org.testng.internal.invokers.TestInvoker.invokeMethod(TestInvoker.java:686)\n\tat org.testng.internal.invokers.TestInvoker.invokeTestMethod(TestInvoker.java:230)\n\tat org.testng.internal.invokers.MethodRunner.runInSequence(MethodRunner.java:63)\n\tat org.testng.internal.invokers.TestInvoker$MethodInvocationAgent.invoke(TestInvoker.java:992)\n\tat org.testng.internal.invokers.TestInvoker.invokeTestMethods(TestInvoker.java:203)\n\tat org.testng.internal.invokers.TestMethodWorker.invokeTestMethods(TestMethodWorker.java:154)\n\tat org.testng.internal.invokers.TestMethodWorker.run(TestMethodWorker.java:134)\n\tat java.base/java.util.concurrent.Executors$RunnableAdapter.call(Unknown Source)\n\tat java.base/java.util.concurrent.FutureTask.run(Unknown Source)\n\tat org.testng.internal.thread.graph.TestNGFutureTask.run(TestNGFutureTask.java:22)\n\tat java.base/java.util.concurrent.ThreadPoolExecutor.runWorker(Unknown Source)\n\tat java.base/java.util.concurrent.ThreadPoolExecutor$Worker.run(Unknown Source)\n\tat java.base/java.lang.Thread.run(Unknown Source)\n","steps":[],"attachments":[{"uid":"2970942aa0ff40e0","name":"Request","source":"2970942aa0ff40e0.html","type":"text/html","size":870},{"uid":"f6eab5ea25e36560","name":"HTTP/1.1 201 Created","source":"f6eab5ea25e36560.html","type":"text/html","size":1363}],"parameters":[],"shouldDisplayMessage":true,"stepsCount":0,"attachmentsCount":2,"hasContent":true,"attachmentStep":false},"afterStages":[],"labels":[{"name":"package","value":"tests.products.CreateProductTest"},{"name":"testClass","value":"tests.products.CreateProductTest"},{"name":"testMethod","value":"verifyAddingProductWithInvalidData"},{"name":"parentSuite","value":"Api TestSuite"},{"name":"suite","value":"Product Tests"},{"name":"subSuite","value":"tests.products.CreateProductTest"},{"name":"host","value":"baf1b39b0b97"},{"name":"thread","value":"353@baf1b39b0b97.TestNG-test-Product Tests-3(31)"},{"name":"framework","value":"testng"},{"name":"language","value":"java"},{"name":"story","value":"As a merchant, I want to be able to add new products to inventory"},{"name":"epic","value":"Ordering System"},{"name":"severity","value":"critical"},{"name":"resultFormat","value":"allure2"}],"parameters":[{"name":"Environment","value":"test"},{"name":"Java Version","value":"17.0.16"},{"name":"OS","value":"Linux"},{"name":"Timestamp","value":"1755594878201"},{"name":"arg0","value":"missing category"},{"name":"arg1","value":"{title=new test product title, price=2.3, description=test description, image=https://fakestoreapi.com/img/test-image.jpg}"},{"name":"arg2","value":"ExpectedResponseDto(status=400, message=null, schema=null)"}],"links":[],"hidden":false,"retry":false,"extra":{"severity":"critical","retries":[],"categories":[{"name":"Product defects","matchedStatuses":[],"flaky":false}],"tags":[]},"source":"3466e80c81e697cf.json","parameterValues":["test","17.0.16","Linux","1755594878201","missing category","{title=new test product title, price=2.3, description=test description, image=https://fakestoreapi.com/img/test-image.jpg}","ExpectedResponseDto(status=400, message=null, schema=null)"]}